[debug] [2024-01-04T13:15:07.337Z] ----------------------------------------------------------------------
[debug] [2024-01-04T13:15:07.342Z] Command:       C:\Program Files\nodejs\node.exe C:\Users\Junior\AppData\Roaming\npm\node_modules\firebase-tools\lib\bin\firebase.js init
[debug] [2024-01-04T13:15:07.343Z] CLI Version:   13.0.2
[debug] [2024-01-04T13:15:07.343Z] Platform:      win32
[debug] [2024-01-04T13:15:07.343Z] Node Version:  v20.1.0
[debug] [2024-01-04T13:15:07.344Z] Time:          Thu Jan 04 2024 15:15:07 GMT+0200 (South Africa Standard Time)
[debug] [2024-01-04T13:15:07.344Z] ----------------------------------------------------------------------
[debug] 
[debug] [2024-01-04T13:15:07.349Z] >>> [apiv2][query] GET https://firebase-public.firebaseio.com/cli.json [none]
[debug] [2024-01-04T13:15:07.600Z] > command requires scopes: ["email","openid","https://www.googleapis.com/auth/cloudplatformprojects.readonly","https://www.googleapis.com/auth/firebase","https://www.googleapis.com/auth/cloud-platform"]
[debug] [2024-01-04T13:15:07.601Z] > authorizing via signed-in user (codewithmokone@gmail.com)
[info] 
     ######## #### ########  ######## ########     ###     ######  ########
     ##        ##  ##     ## ##       ##     ##  ##   ##  ##       ##
     ######    ##  ########  ######   ########  #########  ######  ######
     ##        ##  ##    ##  ##       ##     ## ##     ##       ## ##
     ##       #### ##     ## ######## ########  ##     ##  ######  ########

You're about to initialize a Firebase project in this directory:

  C:\Users\Junior\Desktop\Final Projects\react-js-hotel-booking-app

Before we get started, keep in mind:

  * You are initializing within an existing Firebase project directory

[debug] [2024-01-04T13:15:08.317Z] <<< [apiv2][status] GET https://firebase-public.firebaseio.com/cli.json 200
[debug] [2024-01-04T13:15:08.317Z] <<< [apiv2][body] GET https://firebase-public.firebaseio.com/cli.json {"cloudBuildErrorAfter":1594252800000,"cloudBuildWarnAfter":1590019200000,"defaultNode10After":1594252800000,"minVersion":"3.0.5","node8DeploysDisabledAfter":1613390400000,"node8RuntimeDisabledAfter":1615809600000,"node8WarnAfter":1600128000000}
[info] 
=== Project Setup
[info] 
[info] First, let's associate this project directory with a Firebase project.
[info] You can create multiple project aliases by running firebase use --add, 
[info] but for now we'll just set up a default project.
[info] 
[debug] [2024-01-04T13:19:16.553Z] Using project from CLI flag: hotel-booking-c2270
[debug] [2024-01-04T13:19:16.555Z] > refreshing access token with scopes: []
[debug] [2024-01-04T13:19:16.556Z] >>> [apiv2][query] POST https://www.googleapis.com/oauth2/v3/token [none]
[debug] [2024-01-04T13:19:16.556Z] >>> [apiv2][body] POST https://www.googleapis.com/oauth2/v3/token [omitted]
[debug] [2024-01-04T13:19:17.223Z] <<< [apiv2][status] POST https://www.googleapis.com/oauth2/v3/token 200
[debug] [2024-01-04T13:19:17.224Z] <<< [apiv2][body] POST https://www.googleapis.com/oauth2/v3/token [omitted]
[debug] [2024-01-04T13:19:17.250Z] >>> [apiv2][query] GET https://firebase.googleapis.com/v1beta1/projects/hotel-booking-c2270 [none]
[debug] [2024-01-04T13:19:18.349Z] <<< [apiv2][status] GET https://firebase.googleapis.com/v1beta1/projects/hotel-booking-c2270 403
[debug] [2024-01-04T13:19:18.349Z] <<< [apiv2][body] GET https://firebase.googleapis.com/v1beta1/projects/hotel-booking-c2270 {"error":{"code":403,"message":"The caller does not have permission","status":"PERMISSION_DENIED"}}
[debug] [2024-01-04T13:19:18.351Z] HTTP Error: 403, The caller does not have permission
[debug] [2024-01-04T13:19:18.973Z] FirebaseError: HTTP Error: 403, The caller does not have permission
    at responseToError (C:\Users\Junior\AppData\Roaming\npm\node_modules\firebase-tools\lib\responseToError.js:49:12)
    at RetryOperation._fn (C:\Users\Junior\AppData\Roaming\npm\node_modules\firebase-tools\lib\apiv2.js:292:77)
    at process.processTicksAndRejections (node:internal/process/task_queues:95:5)
[error] 
[error] Error: Failed to get Firebase project hotel-booking-c2270. Please make sure the project exists and your account has permission to access it.
